0 info it worked if it ends with ok
1 verbose cli [
1 verbose cli   'C:\\Program Files\\nodejs\\node.exe',
1 verbose cli   'D:\\usr\\local\\node_modules\\npm\\bin\\npm-cli.js',
1 verbose cli   'run',
1 verbose cli   'storybook'
1 verbose cli ]
2 info using npm@3.8.5
3 info using node@v14.2.0
4 verbose run-script [ 'prestorybook', 'storybook', 'poststorybook' ]
5 info lifecycle storybook6-5Test@1.0.0~prestorybook: storybook6-5Test@1.0.0
6 silly lifecycle storybook6-5Test@1.0.0~prestorybook: no script for prestorybook, continuing
7 info lifecycle storybook6-5Test@1.0.0~storybook: storybook6-5Test@1.0.0
8 verbose lifecycle storybook6-5Test@1.0.0~storybook: unsafe-perm in lifecycle true
9 verbose lifecycle storybook6-5Test@1.0.0~storybook: PATH: D:\usr\local\node_modules\npm\bin\node-gyp-bin;C:\Users\vivi\Desktop\storybook6-5Test\node_modules\.bin;C:\Program Files\nodejs;C:\WINDOWS\system32;C:\WINDOWS;C:\WINDOWS\System32\Wbem;C:\WINDOWS\System32\WindowsPowerShell\v1.0\;C:\WINDOWS\System32\OpenSSH\;C:\Program Files\nodejs\;C:\Program Files\nodejs\node_global;D:\ProgramFiles\yarn\bin\;D:\software\Git\cmd;C:\Users\vivi\AppData\Local\Microsoft\WindowsApps;;C:\Users\vivi\AppData\Local\Programs\Microsoft VS Code\bin;C:\Users\vivi\AppData\Roaming\npm;C:\Users\vivi\AppData\Local\Yarn\bin
10 verbose lifecycle storybook6-5Test@1.0.0~storybook: CWD: C:\Users\vivi\Desktop\storybook6-5Test
11 silly lifecycle storybook6-5Test@1.0.0~storybook: Args: [ '/d /s /c', 'start-storybook' ]
12 silly lifecycle storybook6-5Test@1.0.0~storybook: Returned: code: 1  signal: null
13 info lifecycle storybook6-5Test@1.0.0~storybook: Failed to exec storybook script
14 verbose stack Error: storybook6-5Test@1.0.0 storybook: `start-storybook`
14 verbose stack Exit status 1
14 verbose stack     at EventEmitter.<anonymous> (D:\usr\local\node_modules\npm\lib\utils\lifecycle.js:239:16)
14 verbose stack     at EventEmitter.emit (events.js:315:20)
14 verbose stack     at ChildProcess.<anonymous> (D:\usr\local\node_modules\npm\lib\utils\spawn.js:24:14)
14 verbose stack     at ChildProcess.emit (events.js:315:20)
14 verbose stack     at maybeClose (internal/child_process.js:1051:16)
14 verbose stack     at Process.ChildProcess._handle.onexit (internal/child_process.js:287:5)
15 verbose pkgid storybook6-5Test@1.0.0
16 verbose cwd C:\Users\vivi\Desktop\storybook6-5Test
17 error Windows_NT 10.0.18363
18 error argv "C:\\Program Files\\nodejs\\node.exe" "D:\\usr\\local\\node_modules\\npm\\bin\\npm-cli.js" "run" "storybook"
19 error node v14.2.0
20 error npm  v3.8.5
21 error code ELIFECYCLE
22 error storybook6-5Test@1.0.0 storybook: `start-storybook`
22 error Exit status 1
23 error Failed at the storybook6-5Test@1.0.0 storybook script 'start-storybook'.
23 error Make sure you have the latest version of node.js and npm installed.
23 error If you do, this is most likely a problem with the storybook6-5Test package,
23 error not with npm itself.
23 error Tell the author that this fails on your system:
23 error     start-storybook
23 error You can get information on how to open an issue for this project with:
23 error     npm bugs storybook6-5Test
23 error Or if that isn't available, you can get their info via:
23 error     npm owner ls storybook6-5Test
23 error There is likely additional logging output above.
24 verbose exit [ 1, true ]
